<?xml version="1.0" encoding="UTF-8"?>
<!-- Generated by org.testng.reporters.JUnitReportReporter -->
<testsuite hostname="DESKTOP-6JOMMLI" failures="0" tests="3" name="com.ecommerce.dawnTheme.VerifyAddedProductInTheCart" time="25.134" errors="0" timestamp="2024-05-27T15:20:29 IST" skipped="0">
  <testcase classname="com.ecommerce.dawnTheme.VerifyAddedProductInTheCart" name="NavigateToPDP" time="14.497"/>
  <system-out/>
  <testcase classname="com.ecommerce.dawnTheme.VerifyAddedProductInTheCart" name="addToCart" time="9.077"/>
  <system-out/>
  <testcase classname="com.ecommerce.dawnTheme.VerifyAddedProductInTheCart" name="verifyProduct" time="1.560"/>
  <system-out/>
</testsuite> <!-- com.ecommerce.dawnTheme.VerifyAddedProductInTheCart -->
