<?xml version="1.0" encoding="UTF-8"?>
<!-- Generated by org.testng.reporters.JUnitReportReporter -->
<testsuite hostname="DESKTOP-6JOMMLI" failures="0" tests="13" name="com.ecommerce.dawnTheme.verifyPDPPage" time="28.992" errors="0" timestamp="2024-05-23T15:16:18 IST" skipped="0">
  <testcase classname="com.ecommerce.dawnTheme.verifyPDPPage" name="naviagteToPDP" time="12.257"/>
  <system-out/>
  <testcase classname="com.ecommerce.dawnTheme.verifyPDPPage" name="productTitle" time="1.073"/>
  <system-out/>
  <testcase classname="com.ecommerce.dawnTheme.verifyPDPPage" name="productColor" time="1.081"/>
  <system-out/>
  <testcase classname="com.ecommerce.dawnTheme.verifyPDPPage" name="productPrice" time="1.074"/>
  <system-out/>
  <testcase classname="com.ecommerce.dawnTheme.verifyPDPPage" name="productSize" time="1.057"/>
  <system-out/>
  <testcase classname="com.ecommerce.dawnTheme.verifyPDPPage" name="productQuantity" time="1.068"/>
  <system-out/>
  <testcase classname="com.ecommerce.dawnTheme.verifyPDPPage" name="addToCartButton" time="1.060"/>
  <system-out/>
  <testcase classname="com.ecommerce.dawnTheme.verifyPDPPage" name="buyItNowButton" time="1.060"/>
  <system-out/>
  <testcase classname="com.ecommerce.dawnTheme.verifyPDPPage" name="materialsDropdown" time="3.322"/>
  <system-out/>
  <testcase classname="com.ecommerce.dawnTheme.verifyPDPPage" name="shippingAndReturnsDropdown" time="1.536"/>
  <system-out/>
  <testcase classname="com.ecommerce.dawnTheme.verifyPDPPage" name="careInstructionsDropdown" time="1.556"/>
  <system-out/>
  <testcase classname="com.ecommerce.dawnTheme.verifyPDPPage" name="shareButton" time="1.386"/>
  <system-out/>
  <testcase classname="com.ecommerce.dawnTheme.verifyPDPPage" name="youMayAlsoLike" time="1.462"/>
  <system-out/>
</testsuite> <!-- com.ecommerce.dawnTheme.verifyPDPPage -->
