<?xml version="1.0" encoding="UTF-8"?>
<!-- Generated by org.testng.reporters.JUnitReportReporter -->
<testsuite hostname="DESKTOP-6JOMMLI" failures="0" tests="35" name="com.ecommerce.dawnTheme.homepageTest" time="88.788" errors="0" timestamp="2024-05-30T15:20:40 IST" skipped="0">
  <testcase classname="com.ecommerce.dawnTheme.homepageTest" name="homepageSuccess" time="2.551"/>
  <system-out/>
  <testcase classname="com.ecommerce.dawnTheme.homepageTest" name="homepageError" time="1.855"/>
  <system-out/>
  <testcase classname="com.ecommerce.dawnTheme.homepageTest" name="announcementBar" time="2.025"/>
  <system-out/>
  <testcase classname="com.ecommerce.dawnTheme.homepageTest" name="dawnLogo" time="2.025"/>
  <system-out/>
  <testcase classname="com.ecommerce.dawnTheme.homepageTest" name="bagsDropdown" time="1.995"/>
  <system-out/>
  <testcase classname="com.ecommerce.dawnTheme.homepageTest" name="bagsDropdownSelect" time="2.696"/>
  <system-out/>
  <testcase classname="com.ecommerce.dawnTheme.homepageTest" name="shoesDropdown" time="1.988"/>
  <system-out/>
  <testcase classname="com.ecommerce.dawnTheme.homepageTest" name="shoesDropdownSelect" time="2.727"/>
  <system-out/>
  <testcase classname="com.ecommerce.dawnTheme.homepageTest" name="lookBook" time="1.909"/>
  <system-out/>
  <testcase classname="com.ecommerce.dawnTheme.homepageTest" name="searchIcon" time="1.992"/>
  <system-out/>
  <testcase classname="com.ecommerce.dawnTheme.homepageTest" name="profileIcon" time="1.961"/>
  <system-out/>
  <testcase classname="com.ecommerce.dawnTheme.homepageTest" name="cartIcon" time="1.979"/>
  <system-out/>
  <testcase classname="com.ecommerce.dawnTheme.homepageTest" name="shopNowButton" time="3.301"/>
  <system-out/>
  <testcase classname="com.ecommerce.dawnTheme.homepageTest" name="backInStock" time="2.000"/>
  <system-out/>
  <testcase classname="com.ecommerce.dawnTheme.homepageTest" name="bagsLinkFooter" time="2.311"/>
  <system-out/>
  <testcase classname="com.ecommerce.dawnTheme.homepageTest" name="bagsPage" time="2.855"/>
  <system-out/>
  <testcase classname="com.ecommerce.dawnTheme.homepageTest" name="shoesLinkFooter" time="2.277"/>
  <system-out/>
  <testcase classname="com.ecommerce.dawnTheme.homepageTest" name="shoesPage" time="2.429"/>
  <system-out/>
  <testcase classname="com.ecommerce.dawnTheme.homepageTest" name="lookBookLinkFooter" time="2.983"/>
  <system-out/>
  <testcase classname="com.ecommerce.dawnTheme.homepageTest" name="lookBookLinkPage" time="2.876"/>
  <system-out/>
  <testcase classname="com.ecommerce.dawnTheme.homepageTest" name="aboutLinkFooter" time="2.312"/>
  <system-out/>
  <testcase classname="com.ecommerce.dawnTheme.homepageTest" name="aboutPage" time="2.793"/>
  <system-out/>
  <testcase classname="com.ecommerce.dawnTheme.homepageTest" name="contactUsLinkFooter" time="2.260"/>
  <system-out/>
  <testcase classname="com.ecommerce.dawnTheme.homepageTest" name="contactUsPage" time="2.504"/>
  <system-out/>
  <testcase classname="com.ecommerce.dawnTheme.homepageTest" name="shippingPolicyLinkFooter" time="2.364"/>
  <system-out/>
  <testcase classname="com.ecommerce.dawnTheme.homepageTest" name="shippingPage" time="2.865"/>
  <system-out/>
  <testcase classname="com.ecommerce.dawnTheme.homepageTest" name="blogLinkFooter" time="2.336"/>
  <system-out/>
  <testcase classname="com.ecommerce.dawnTheme.homepageTest" name="newsPage" time="2.871"/>
  <system-out/>
  <testcase classname="com.ecommerce.dawnTheme.homepageTest" name="newsletter" time="2.766"/>
  <system-out/>
  <testcase classname="com.ecommerce.dawnTheme.homepageTest" name="country" time="5.007"/>
  <system-out/>
  <testcase classname="com.ecommerce.dawnTheme.homepageTest" name="facebookLink" time="2.680"/>
  <system-out/>
  <testcase classname="com.ecommerce.dawnTheme.homepageTest" name="instagramLink" time="2.766"/>
  <system-out/>
  <testcase classname="com.ecommerce.dawnTheme.homepageTest" name="youtubeLink" time="2.811"/>
  <system-out/>
  <testcase classname="com.ecommerce.dawnTheme.homepageTest" name="ticktokLink" time="2.824"/>
  <system-out/>
  <testcase classname="com.ecommerce.dawnTheme.homepageTest" name="twiterLink" time="2.894"/>
  <system-out/>
</testsuite> <!-- com.ecommerce.dawnTheme.homepageTest -->
